<?xml version="1.0" encoding="UTF-8"?>
<!-- Generated by org.testng.reporters.JUnitReportReporter -->
<testsuite hostname="DESKTOP-NBCL21T" failures="0" tests="2" name="Academy.HomePage" time="22.992" errors="0" timestamp="09 Jan 2022 05:51:52 GMT" skipped="0">
  <testcase classname="Academy.HomePage" name="basePageNavigation" time="3.266"/>
  <testcase classname="Academy.HomePage" name="basePageNavigation" time="19.726"/>
</testsuite> <!-- Academy.HomePage -->
