<?xml version="1.0" encoding="UTF-8"?>
<!-- Generated by org.testng.reporters.JUnitReportReporter -->
<testsuite hostname="DESKTOP-NBCL21T" failures="0" tests="1" name="Academy.ValidateNavigationBar" time="0.260" errors="0" timestamp="08 Jan 2022 13:17:25 GMT" skipped="0">
  <testcase classname="Academy.ValidateNavigationBar" name="basePageNavigation" time="0.260"/>
</testsuite> <!-- Academy.ValidateNavigationBar -->
