<?xml version="1.0" encoding="UTF-8"?>
<!-- Generated by org.testng.reporters.JUnitReportReporter -->
<testsuite skipped="0" hostname="DESKTOP-NBCL21T" name="Academy.ValidateTittle" tests="1" failures="0" timestamp="08 Jan 2022 08:04:35 GMT" time="0.056" errors="0">
  <testcase name="basePageNavigation" time="0.056" classname="Academy.ValidateTittle"/>
</testsuite> <!-- Academy.ValidateTittle -->
