<?xml version="1.0" encoding="UTF-8"?>
<!-- Generated by org.testng.reporters.JUnitReportReporter -->
<testsuite skipped="0" hostname="DESKTOP-NBCL21T" name="Academy.HomePage" tests="2" failures="0" timestamp="08 Jan 2022 08:04:35 GMT" time="7.369" errors="0">
  <testcase name="basePageNavigation" time="5.162" classname="Academy.HomePage"/>
  <testcase name="basePageNavigation" time="2.207" classname="Academy.HomePage"/>
</testsuite> <!-- Academy.HomePage -->
